
targil5: system execution failed.
Following is the set of recorded exceptions:

******************************** Thread exception *****************************
In thread           Root thread            0x0 (thread id)
*******************************************************************************
-------------------------------------------------------------------------------
Class / Object      Routine                Nature of exception           Effect
-------------------------------------------------------------------------------
ARRAY               at @2                  valid_index:                 
<0000018CB72C1BB8>                         Precondition violated.        Fail
-------------------------------------------------------------------------------
VMING               is_classvarsubexplist @26
<0000018CB72BD8D8>                         Routine failure.              Fail
-------------------------------------------------------------------------------
VMING               is_subroutinecall @17                               
<0000018CB72BD8D8>                         Routine failure.              Fail
-------------------------------------------------------------------------------
VMING               is_dostatement @11                                  
<0000018CB72BD8D8>                         Routine failure.              Fail
-------------------------------------------------------------------------------
VMING               is_statement @14                                    
<0000018CB72BD8D8>                         Routine failure.              Fail
-------------------------------------------------------------------------------
VMING               is_statements @6                                    
<0000018CB72BD8D8>                         Routine failure.              Fail
-------------------------------------------------------------------------------
VMING               is_subroutinebody @19                               
<0000018CB72BD8D8>                         Routine failure.              Fail
-------------------------------------------------------------------------------
VMING               is_subroutinedec @46                                
<0000018CB72BD8D8>                         Routine failure.              Fail
-------------------------------------------------------------------------------
VMING               is_class @36                                        
<0000018CB72BD8D8>                         Routine failure.              Fail
-------------------------------------------------------------------------------
VMING               make @52                                            
<0000018CB72BD8D8>                         Routine failure.              Fail
-------------------------------------------------------------------------------
APPLICATION         ift_xmlfilethantranslatetovm @3
<0000018CB7DF6D98>                         Routine failure.              Fail
-------------------------------------------------------------------------------
APPLICATION         make @20                                            
<0000018CB7DF6D98>                         Routine failure.              Fail
-------------------------------------------------------------------------------
APPLICATION         root's creation                                     
<0000018CB7DF6D98>                         Routine failure.              Exit
-------------------------------------------------------------------------------

targil5: system execution failed.
Following is the set of recorded exceptions:

******************************** Thread exception *****************************
In thread           Root thread            0x0 (thread id)
*******************************************************************************
-------------------------------------------------------------------------------
Class / Object      Routine                Nature of exception           Effect
-------------------------------------------------------------------------------
ARRAY               at @2                  valid_index:                 
<0000024B4BFBBBB8>                         Precondition violated.        Fail
-------------------------------------------------------------------------------
VMING               is_classvarsubexplist @26
<0000024B4BFB78D8>                         Routine failure.              Fail
-------------------------------------------------------------------------------
VMING               is_subroutinecall @17                               
<0000024B4BFB78D8>                         Routine failure.              Fail
-------------------------------------------------------------------------------
VMING               is_dostatement @11                                  
<0000024B4BFB78D8>                         Routine failure.              Fail
-------------------------------------------------------------------------------
VMING               is_statement @14                                    
<0000024B4BFB78D8>                         Routine failure.              Fail
-------------------------------------------------------------------------------
VMING               is_statements @6                                    
<0000024B4BFB78D8>                         Routine failure.              Fail
-------------------------------------------------------------------------------
VMING               is_subroutinebody @19                               
<0000024B4BFB78D8>                         Routine failure.              Fail
-------------------------------------------------------------------------------
VMING               is_subroutinedec @46                                
<0000024B4BFB78D8>                         Routine failure.              Fail
-------------------------------------------------------------------------------
VMING               is_class @36                                        
<0000024B4BFB78D8>                         Routine failure.              Fail
-------------------------------------------------------------------------------
VMING               make @52                                            
<0000024B4BFB78D8>                         Routine failure.              Fail
-------------------------------------------------------------------------------
APPLICATION         ift_xmlfilethantranslatetovm @3
<0000024B4CAFED98>                         Routine failure.              Fail
-------------------------------------------------------------------------------
APPLICATION         make @20                                            
<0000024B4CAFED98>                         Routine failure.              Fail
-------------------------------------------------------------------------------
APPLICATION         root's creation                                     
<0000024B4CAFED98>                         Routine failure.              Exit
-------------------------------------------------------------------------------

targil5: system execution failed.
Following is the set of recorded exceptions:

******************************** Thread exception *****************************
In thread           Root thread            0x0 (thread id)
*******************************************************************************
-------------------------------------------------------------------------------
Class / Object      Routine                Nature of exception           Effect
-------------------------------------------------------------------------------
ARRAY               at @2                  valid_index:                 
<0000020DEC0C0BB8>                         Precondition violated.        Fail
-------------------------------------------------------------------------------
VMING               is_classvarsubexplist @26
<0000020DEC0BC8D8>                         Routine failure.              Fail
-------------------------------------------------------------------------------
VMING               is_subroutinecall @17                               
<0000020DEC0BC8D8>                         Routine failure.              Fail
-------------------------------------------------------------------------------
VMING               is_dostatement @11                                  
<0000020DEC0BC8D8>                         Routine failure.              Fail
-------------------------------------------------------------------------------
VMING               is_statement @14                                    
<0000020DEC0BC8D8>                         Routine failure.              Fail
-------------------------------------------------------------------------------
VMING               is_statements @6                                    
<0000020DEC0BC8D8>                         Routine failure.              Fail
-------------------------------------------------------------------------------
VMING               is_subroutinebody @19                               
<0000020DEC0BC8D8>                         Routine failure.              Fail
-------------------------------------------------------------------------------
VMING               is_subroutinedec @46                                
<0000020DEC0BC8D8>                         Routine failure.              Fail
-------------------------------------------------------------------------------
VMING               is_class @36                                        
<0000020DEC0BC8D8>                         Routine failure.              Fail
-------------------------------------------------------------------------------
VMING               make @52                                            
<0000020DEC0BC8D8>                         Routine failure.              Fail
-------------------------------------------------------------------------------
APPLICATION         ift_xmlfilethantranslatetovm @3
<0000020DECBF8D98>                         Routine failure.              Fail
-------------------------------------------------------------------------------
APPLICATION         make @20                                            
<0000020DECBF8D98>                         Routine failure.              Fail
-------------------------------------------------------------------------------
APPLICATION         root's creation                                     
<0000020DECBF8D98>                         Routine failure.              Exit
-------------------------------------------------------------------------------


targil5: PANIC: caught signal #21 (Ctrl-Break) -- Giving up...

targil5: system execution failed.
Following is the set of recorded exceptions:

******************************** Thread exception *****************************
In thread           Root thread            0x0 (thread id)
*******************************************************************************
-------------------------------------------------------------------------------
Class / Object      Routine                Nature of exception           Effect
-------------------------------------------------------------------------------
ARRAY               at @2                  valid_index:                 
<000001DC1E741BB8>                         Precondition violated.        Fail
-------------------------------------------------------------------------------
VMING               is_classvarsubexplist @26
<000001DC1E73D8D8>                         Routine failure.              Fail
-------------------------------------------------------------------------------
VMING               is_subroutinecall @17                               
<000001DC1E73D8D8>                         Routine failure.              Fail
-------------------------------------------------------------------------------
VMING               is_dostatement @11                                  
<000001DC1E73D8D8>                         Routine failure.              Fail
-------------------------------------------------------------------------------
VMING               is_statement @14                                    
<000001DC1E73D8D8>                         Routine failure.              Fail
-------------------------------------------------------------------------------
VMING               is_statements @6                                    
<000001DC1E73D8D8>                         Routine failure.              Fail
-------------------------------------------------------------------------------
VMING               is_subroutinebody @19                               
<000001DC1E73D8D8>                         Routine failure.              Fail
-------------------------------------------------------------------------------
VMING               is_subroutinedec @46                                
<000001DC1E73D8D8>                         Routine failure.              Fail
-------------------------------------------------------------------------------
VMING               is_class @36                                        
<000001DC1E73D8D8>                         Routine failure.              Fail
-------------------------------------------------------------------------------
VMING               make @52                                            
<000001DC1E73D8D8>                         Routine failure.              Fail
-------------------------------------------------------------------------------
APPLICATION         ift_xmlfilethantranslatetovm @3
<000001DC1F377D98>                         Routine failure.              Fail
-------------------------------------------------------------------------------
APPLICATION         make @20                                            
<000001DC1F377D98>                         Routine failure.              Fail
-------------------------------------------------------------------------------
APPLICATION         root's creation                                     
<000001DC1F377D98>                         Routine failure.              Exit
-------------------------------------------------------------------------------


targil5: PANIC: caught signal #21 (Ctrl-Break) -- Giving up...

targil5: system execution failed.
Following is the set of recorded exceptions:

******************************** Thread exception *****************************
In thread           Root thread            0x0 (thread id)
*******************************************************************************
-------------------------------------------------------------------------------
Class / Object      Routine                Nature of exception           Effect
-------------------------------------------------------------------------------
ARRAY               at @2                  valid_index:                 
<000001F2EB801AC8>                         Precondition violated.        Fail
-------------------------------------------------------------------------------
VMING               is_classvarsubexplist @27
<000001F2EB7FE8D8>                         Routine failure.              Fail
-------------------------------------------------------------------------------
VMING               is_subroutinecall @17                               
<000001F2EB7FE8D8>                         Routine failure.              Fail
-------------------------------------------------------------------------------
VMING               is_dostatement @11                                  
<000001F2EB7FE8D8>                         Routine failure.              Fail
-------------------------------------------------------------------------------
VMING               is_statement @14                                    
<000001F2EB7FE8D8>                         Routine failure.              Fail
-------------------------------------------------------------------------------
VMING               is_statements @6                                    
<000001F2EB7FE8D8>                         Routine failure.              Fail
-------------------------------------------------------------------------------
VMING               is_subroutinebody @19                               
<000001F2EB7FE8D8>                         Routine failure.              Fail
-------------------------------------------------------------------------------
VMING               is_subroutinedec @46                                
<000001F2EB7FE8D8>                         Routine failure.              Fail
-------------------------------------------------------------------------------
VMING               is_class @36                                        
<000001F2EB7FE8D8>                         Routine failure.              Fail
-------------------------------------------------------------------------------
VMING               make @52                                            
<000001F2EB7FE8D8>                         Routine failure.              Fail
-------------------------------------------------------------------------------
APPLICATION         ift_xmlfilethantranslatetovm @3
<000001F2EC43AD98>                         Routine failure.              Fail
-------------------------------------------------------------------------------
APPLICATION         make @20                                            
<000001F2EC43AD98>                         Routine failure.              Fail
-------------------------------------------------------------------------------
APPLICATION         root's creation                                     
<000001F2EC43AD98>                         Routine failure.              Exit
-------------------------------------------------------------------------------


targil5: PANIC: caught signal #21 (Ctrl-Break) -- Giving up...

targil5: system execution failed.
Following is the set of recorded exceptions:

******************************** Thread exception *****************************
In thread           Root thread            0x0 (thread id)
*******************************************************************************
-------------------------------------------------------------------------------
Class / Object      Routine                Nature of exception           Effect
-------------------------------------------------------------------------------
STRING_8            to_integer @1          is_integer:                  
<000002B428FA70F8>  (From READABLE_STRING_GENERAL)
                                           Precondition violated.        Fail
-------------------------------------------------------------------------------
VMING               is_classvarsubexplist @28
<000002B428F9A8D8>                         Routine failure.              Fail
-------------------------------------------------------------------------------
VMING               is_subroutinecall @17                               
<000002B428F9A8D8>                         Routine failure.              Fail
-------------------------------------------------------------------------------
VMING               is_dostatement @11                                  
<000002B428F9A8D8>                         Routine failure.              Fail
-------------------------------------------------------------------------------
VMING               is_statement @14                                    
<000002B428F9A8D8>                         Routine failure.              Fail
-------------------------------------------------------------------------------
VMING               is_statements @6                                    
<000002B428F9A8D8>                         Routine failure.              Fail
-------------------------------------------------------------------------------
VMING               is_subroutinebody @19                               
<000002B428F9A8D8>                         Routine failure.              Fail
-------------------------------------------------------------------------------
VMING               is_subroutinedec @46                                
<000002B428F9A8D8>                         Routine failure.              Fail
-------------------------------------------------------------------------------
VMING               is_class @36                                        
<000002B428F9A8D8>                         Routine failure.              Fail
-------------------------------------------------------------------------------
VMING               make @52                                            
<000002B428F9A8D8>                         Routine failure.              Fail
-------------------------------------------------------------------------------
APPLICATION         ift_xmlfilethantranslatetovm @3
<000002B429BE1D98>                         Routine failure.              Fail
-------------------------------------------------------------------------------
APPLICATION         make @20                                            
<000002B429BE1D98>                         Routine failure.              Fail
-------------------------------------------------------------------------------
APPLICATION         root's creation                                     
<000002B429BE1D98>                         Routine failure.              Exit
-------------------------------------------------------------------------------


targil5: PANIC: caught signal #21 (Ctrl-Break) -- Giving up...

targil5: system execution failed.
Following is the set of recorded exceptions:

******************************** Thread exception *****************************
In thread           Root thread            0x0 (thread id)
*******************************************************************************
-------------------------------------------------------------------------------
Class / Object      Routine                Nature of exception           Effect
-------------------------------------------------------------------------------
ARRAY               at @2                  valid_index:                 
<000002760A69B8B8>                         Precondition violated.        Fail
-------------------------------------------------------------------------------
VMING               is_classvarsubexplist @49
<000002760A68D888>                         Routine failure.              Fail
-------------------------------------------------------------------------------
VMING               is_subroutinecall @17                               
<000002760A68D888>                         Routine failure.              Fail
-------------------------------------------------------------------------------
VMING               is_term @12                                         
<000002760A68D888>                         Routine failure.              Fail
-------------------------------------------------------------------------------
VMING               is_expression @6                                    
<000002760A68D888>                         Routine failure.              Fail
-------------------------------------------------------------------------------
VMING               is_letstatement @43                                 
<000002760A68D888>                         Routine failure.              Fail
-------------------------------------------------------------------------------
VMING               is_statement @5                                     
<000002760A68D888>                         Routine failure.              Fail
-------------------------------------------------------------------------------
VMING               is_statements @6                                    
<000002760A68D888>                         Routine failure.              Fail
-------------------------------------------------------------------------------
VMING               is_subroutinebody @19                               
<000002760A68D888>                         Routine failure.              Fail
-------------------------------------------------------------------------------
VMING               is_subroutinedec @46                                
<000002760A68D888>                         Routine failure.              Fail
-------------------------------------------------------------------------------
VMING               is_class @36                                        
<000002760A68D888>                         Routine failure.              Fail
-------------------------------------------------------------------------------
VMING               make @52                                            
<000002760A68D888>                         Routine failure.              Fail
-------------------------------------------------------------------------------
APPLICATION         ift_xmlfilethantranslatetovm @3
<000002760B2B4D98>                         Routine failure.              Fail
-------------------------------------------------------------------------------
APPLICATION         make @20                                            
<000002760B2B4D98>                         Routine failure.              Fail
-------------------------------------------------------------------------------
APPLICATION         root's creation                                     
<000002760B2B4D98>                         Routine failure.              Exit
-------------------------------------------------------------------------------

targil5: system execution failed.
Following is the set of recorded exceptions:

******************************** Thread exception *****************************
In thread           Root thread            0x0 (thread id)
*******************************************************************************
-------------------------------------------------------------------------------
Class / Object      Routine                Nature of exception           Effect
-------------------------------------------------------------------------------
ARRAY               at @2                  valid_index:                 
<000001DD1CAF79D8>                         Precondition violated.        Fail
-------------------------------------------------------------------------------
VMING               is_classvarsubexplist @48
<000001DD1CAE99A8>                         Routine failure.              Fail
-------------------------------------------------------------------------------
VMING               is_subroutinecall @17                               
<000001DD1CAE99A8>                         Routine failure.              Fail
-------------------------------------------------------------------------------
VMING               is_term @12                                         
<000001DD1CAE99A8>                         Routine failure.              Fail
-------------------------------------------------------------------------------
VMING               is_expression @6                                    
<000001DD1CAE99A8>                         Routine failure.              Fail
-------------------------------------------------------------------------------
VMING               is_letstatement @43                                 
<000001DD1CAE99A8>                         Routine failure.              Fail
-------------------------------------------------------------------------------
VMING               is_statement @5                                     
<000001DD1CAE99A8>                         Routine failure.              Fail
-------------------------------------------------------------------------------
VMING               is_statements @6                                    
<000001DD1CAE99A8>                         Routine failure.              Fail
-------------------------------------------------------------------------------
VMING               is_subroutinebody @19                               
<000001DD1CAE99A8>                         Routine failure.              Fail
-------------------------------------------------------------------------------
VMING               is_subroutinedec @46                                
<000001DD1CAE99A8>                         Routine failure.              Fail
-------------------------------------------------------------------------------
VMING               is_class @36                                        
<000001DD1CAE99A8>                         Routine failure.              Fail
-------------------------------------------------------------------------------
VMING               make @53                                            
<000001DD1CAE99A8>                         Routine failure.              Fail
-------------------------------------------------------------------------------
APPLICATION         ift_xmlfilethantranslatetovm @3
<000001DD1D717D98>                         Routine failure.              Fail
-------------------------------------------------------------------------------
APPLICATION         make @20                                            
<000001DD1D717D98>                         Routine failure.              Fail
-------------------------------------------------------------------------------
APPLICATION         root's creation                                     
<000001DD1D717D98>                         Routine failure.              Exit
-------------------------------------------------------------------------------


targil5: PANIC: caught signal #21 (Ctrl-Break) -- Giving up...

targil5: system execution failed.
Following is the set of recorded exceptions:

******************************** Thread exception *****************************
In thread           Root thread            0x0 (thread id)
*******************************************************************************
-------------------------------------------------------------------------------
Class / Object      Routine                Nature of exception           Effect
-------------------------------------------------------------------------------
ARRAY               at @2                  valid_index:                 
<000001718C3969D8>                         Precondition violated.        Fail
-------------------------------------------------------------------------------
VMING               is_classvarsubexplist @51
<000001718C3889A8>                         Routine failure.              Fail
-------------------------------------------------------------------------------
VMING               is_subroutinecall @17                               
<000001718C3889A8>                         Routine failure.              Fail
-------------------------------------------------------------------------------
VMING               is_term @12                                         
<000001718C3889A8>                         Routine failure.              Fail
-------------------------------------------------------------------------------
VMING               is_expression @6                                    
<000001718C3889A8>                         Routine failure.              Fail
-------------------------------------------------------------------------------
VMING               is_letstatement @43                                 
<000001718C3889A8>                         Routine failure.              Fail
-------------------------------------------------------------------------------
VMING               is_statement @5                                     
<000001718C3889A8>                         Routine failure.              Fail
-------------------------------------------------------------------------------
VMING               is_statements @6                                    
<000001718C3889A8>                         Routine failure.              Fail
-------------------------------------------------------------------------------
VMING               is_subroutinebody @19                               
<000001718C3889A8>                         Routine failure.              Fail
-------------------------------------------------------------------------------
VMING               is_subroutinedec @46                                
<000001718C3889A8>                         Routine failure.              Fail
-------------------------------------------------------------------------------
VMING               is_class @36                                        
<000001718C3889A8>                         Routine failure.              Fail
-------------------------------------------------------------------------------
VMING               make @53                                            
<000001718C3889A8>                         Routine failure.              Fail
-------------------------------------------------------------------------------
APPLICATION         ift_xmlfilethantranslatetovm @3
<000001718CFB3D98>                         Routine failure.              Fail
-------------------------------------------------------------------------------
APPLICATION         make @20                                            
<000001718CFB3D98>                         Routine failure.              Fail
-------------------------------------------------------------------------------
APPLICATION         root's creation                                     
<000001718CFB3D98>                         Routine failure.              Exit
-------------------------------------------------------------------------------


targil5: PANIC: caught signal #21 (Ctrl-Break) -- Giving up...

targil5: system execution failed.
Following is the set of recorded exceptions:

******************************** Thread exception *****************************
In thread           Root thread            0x0 (thread id)
*******************************************************************************
-------------------------------------------------------------------------------
Class / Object      Routine                Nature of exception           Effect
-------------------------------------------------------------------------------
STRING_8            to_integer @1          is_integer:                  
<000001DB53627F28>  (From READABLE_STRING_GENERAL)
                                           Precondition violated.        Fail
-------------------------------------------------------------------------------
APPLICATION         ifvmfiletranslatetoasm @155
<000001DB53F06D98>                         Routine failure.              Fail
-------------------------------------------------------------------------------
APPLICATION         make @48                                            
<000001DB53F06D98>                         Routine failure.              Fail
-------------------------------------------------------------------------------
APPLICATION         root's creation                                     
<000001DB53F06D98>                         Routine failure.              Exit
-------------------------------------------------------------------------------

targil5: system execution failed.
Following is the set of recorded exceptions:

******************************** Thread exception *****************************
In thread           Root thread            0x0 (thread id)
*******************************************************************************
-------------------------------------------------------------------------------
Class / Object      Routine                Nature of exception           Effect
-------------------------------------------------------------------------------
PLAIN_TEXT_FILE     read_line @2           is_readable:                 
<0000021D46E1E418>  (From FILE)            Precondition violated.        Fail
-------------------------------------------------------------------------------
APPLICATION         ifvmfiletranslatetoasm @6
<0000021D4790FD98>                         Routine failure.              Fail
-------------------------------------------------------------------------------
APPLICATION         make @48                                            
<0000021D4790FD98>                         Routine failure.              Fail
-------------------------------------------------------------------------------
APPLICATION         root's creation                                     
<0000021D4790FD98>                         Routine failure.              Exit
-------------------------------------------------------------------------------


targil5: PANIC: caught signal #21 (Ctrl-Break) -- Giving up...

targil5: system execution failed.
Following is the set of recorded exceptions:

******************************** Thread exception *****************************
In thread           Root thread            0x0 (thread id)
*******************************************************************************
-------------------------------------------------------------------------------
Class / Object      Routine                Nature of exception           Effect
-------------------------------------------------------------------------------
PLAIN_TEXT_FILE     read_line @2           is_readable:                 
<0000025A0B3874F8>  (From FILE)            Precondition violated.        Fail
-------------------------------------------------------------------------------
APPLICATION         ifvmfiletranslatetoasm @6
<0000025A0BD66968>                         Routine failure.              Fail
-------------------------------------------------------------------------------
APPLICATION         make @48                                            
<0000025A0BD66968>                         Routine failure.              Fail
-------------------------------------------------------------------------------
APPLICATION         root's creation                                     
<0000025A0BD66968>                         Routine failure.              Exit
-------------------------------------------------------------------------------


targil5: PANIC: caught signal #21 (Ctrl-Break) -- Giving up...

targil5: system execution failed.
Following is the set of recorded exceptions:

******************************** Thread exception *****************************
In thread           Root thread            0x0 (thread id)
*******************************************************************************
-------------------------------------------------------------------------------
Class / Object      Routine                Nature of exception           Effect
-------------------------------------------------------------------------------
ARRAY               at @2                  valid_index:                 
<000001790F5F2508>                         Precondition violated.        Fail
-------------------------------------------------------------------------------
VMING               is_classvarsubexplist @45
<000001790F5E9B98>                         Routine failure.              Fail
-------------------------------------------------------------------------------
VMING               is_subroutinecall @17                               
<000001790F5E9B98>                         Routine failure.              Fail
-------------------------------------------------------------------------------
VMING               is_dostatement @11                                  
<000001790F5E9B98>                         Routine failure.              Fail
-------------------------------------------------------------------------------
VMING               is_statement @14                                    
<000001790F5E9B98>                         Routine failure.              Fail
-------------------------------------------------------------------------------
VMING               is_statements @6                                    
<000001790F5E9B98>                         Routine failure.              Fail
-------------------------------------------------------------------------------
VMING               is_subroutinebody @25                               
<000001790F5E9B98>                         Routine failure.              Fail
-------------------------------------------------------------------------------
VMING               is_subroutinedec @46                                
<000001790F5E9B98>                         Routine failure.              Fail
-------------------------------------------------------------------------------
VMING               is_class @48                                        
<000001790F5E9B98>                         Routine failure.              Fail
-------------------------------------------------------------------------------
VMING               make @57                                            
<000001790F5E9B98>                         Routine failure.              Fail
-------------------------------------------------------------------------------
APPLICATION         ift_xmlfilethantranslatetovm @3
<000001791019D968>                         Routine failure.              Fail
-------------------------------------------------------------------------------
APPLICATION         make @20                                            
<000001791019D968>                         Routine failure.              Fail
-------------------------------------------------------------------------------
APPLICATION         root's creation                                     
<000001791019D968>                         Routine failure.              Exit
-------------------------------------------------------------------------------

targil5: system execution failed.
Following is the set of recorded exceptions:

******************************** Thread exception *****************************
In thread           Root thread            0x0 (thread id)
*******************************************************************************
-------------------------------------------------------------------------------
Class / Object      Routine                Nature of exception           Effect
-------------------------------------------------------------------------------
PLAIN_TEXT_FILE     read_line @2           is_readable:                 
<0000029F4207F1A8>  (From FILE)            Precondition violated.        Fail
-------------------------------------------------------------------------------
APPLICATION         ifvmfiletranslatetoasm @6
<0000029F4294A968>                         Routine failure.              Fail
-------------------------------------------------------------------------------
APPLICATION         make @49                                            
<0000029F4294A968>                         Routine failure.              Fail
-------------------------------------------------------------------------------
APPLICATION         root's creation                                     
<0000029F4294A968>                         Routine failure.              Exit
-------------------------------------------------------------------------------

targil5: system execution failed.
Following is the set of recorded exceptions:

******************************** Thread exception *****************************
In thread           Root thread            0x0 (thread id)
*******************************************************************************
-------------------------------------------------------------------------------
Class / Object      Routine                Nature of exception           Effect
-------------------------------------------------------------------------------
PLAIN_TEXT_FILE     read_line @2           is_readable:                 
<0000021D861D2B68>  (From FILE)            Precondition violated.        Fail
-------------------------------------------------------------------------------
APPLICATION         ifvmfiletranslatetoasm @6
<0000021D86BB3968>                         Routine failure.              Fail
-------------------------------------------------------------------------------
APPLICATION         make @49                                            
<0000021D86BB3968>                         Routine failure.              Fail
-------------------------------------------------------------------------------
APPLICATION         root's creation                                     
<0000021D86BB3968>                         Routine failure.              Exit
-------------------------------------------------------------------------------

targil5: system execution failed.
Following is the set of recorded exceptions:

******************************** Thread exception *****************************
In thread           Root thread            0x0 (thread id)
*******************************************************************************
-------------------------------------------------------------------------------
Class / Object      Routine                Nature of exception           Effect
-------------------------------------------------------------------------------
PLAIN_TEXT_FILE     read_line @2           is_readable:                 
<000001E02B1BE668>  (From FILE)            Precondition violated.        Fail
-------------------------------------------------------------------------------
APPLICATION         ifvmfiletranslatetoasm @6
<000001E02BACC968>                         Routine failure.              Fail
-------------------------------------------------------------------------------
APPLICATION         make @49                                            
<000001E02BACC968>                         Routine failure.              Fail
-------------------------------------------------------------------------------
APPLICATION         root's creation                                     
<000001E02BACC968>                         Routine failure.              Exit
-------------------------------------------------------------------------------

targil5: system execution failed.
Following is the set of recorded exceptions:

******************************** Thread exception *****************************
In thread           Root thread            0x0 (thread id)
*******************************************************************************
-------------------------------------------------------------------------------
Class / Object      Routine                Nature of exception           Effect
-------------------------------------------------------------------------------
ARRAY               at @2                  valid_index:                 
<0000020AA6D5AF28>                         Precondition violated.        Fail
-------------------------------------------------------------------------------
VMING               is_letstatement @36                                 
<0000020AA6D55D58>                         Routine failure.              Fail
-------------------------------------------------------------------------------
VMING               is_statement @5                                     
<0000020AA6D55D58>                         Routine failure.              Fail
-------------------------------------------------------------------------------
VMING               is_statements @6                                    
<0000020AA6D55D58>                         Routine failure.              Fail
-------------------------------------------------------------------------------
VMING               is_whilestatement @27                               
<0000020AA6D55D58>                         Routine failure.              Fail
-------------------------------------------------------------------------------
VMING               is_statement @11                                    
<0000020AA6D55D58>                         Routine failure.              Fail
-------------------------------------------------------------------------------
VMING               is_statements @6                                    
<0000020AA6D55D58>                         Routine failure.              Fail
-------------------------------------------------------------------------------
VMING               is_subroutinebody @25                               
<0000020AA6D55D58>                         Routine failure.              Fail
-------------------------------------------------------------------------------
VMING               is_subroutinedec @46                                
<0000020AA6D55D58>                         Routine failure.              Fail
-------------------------------------------------------------------------------
VMING               is_class @46                                        
<0000020AA6D55D58>                         Routine failure.              Fail
-------------------------------------------------------------------------------
VMING               make @56                                            
<0000020AA6D55D58>                         Routine failure.              Fail
-------------------------------------------------------------------------------
APPLICATION         ift_xmlfilethantranslatetovm @3
<0000020AA6C4B5A8>                         Routine failure.              Fail
-------------------------------------------------------------------------------
APPLICATION         make @20                                            
<0000020AA6C4B5A8>                         Routine failure.              Fail
-------------------------------------------------------------------------------
APPLICATION         root's creation                                     
<0000020AA6C4B5A8>                         Routine failure.              Exit
-------------------------------------------------------------------------------


targil5: PANIC: caught signal #21 (Ctrl-Break) -- Giving up...

targil5: system execution failed.
Following is the set of recorded exceptions:

******************************** Thread exception *****************************
In thread           Root thread            0x0 (thread id)
*******************************************************************************
-------------------------------------------------------------------------------
Class / Object      Routine                Nature of exception           Effect
-------------------------------------------------------------------------------
ARRAY               at @2                  valid_index:                 
<0000022912A3AF28>                         Precondition violated.        Fail
-------------------------------------------------------------------------------
VMING               is_letstatement @36                                 
<0000022912A35D58>                         Routine failure.              Fail
-------------------------------------------------------------------------------
VMING               is_statement @5                                     
<0000022912A35D58>                         Routine failure.              Fail
-------------------------------------------------------------------------------
VMING               is_statements @6                                    
<0000022912A35D58>                         Routine failure.              Fail
-------------------------------------------------------------------------------
VMING               is_whilestatement @27                               
<0000022912A35D58>                         Routine failure.              Fail
-------------------------------------------------------------------------------
VMING               is_statement @11                                    
<0000022912A35D58>                         Routine failure.              Fail
-------------------------------------------------------------------------------
VMING               is_statements @6                                    
<0000022912A35D58>                         Routine failure.              Fail
-------------------------------------------------------------------------------
VMING               is_subroutinebody @25                               
<0000022912A35D58>                         Routine failure.              Fail
-------------------------------------------------------------------------------
VMING               is_subroutinedec @46                                
<0000022912A35D58>                         Routine failure.              Fail
-------------------------------------------------------------------------------
VMING               is_class @46                                        
<0000022912A35D58>                         Routine failure.              Fail
-------------------------------------------------------------------------------
VMING               make @56                                            
<0000022912A35D58>                         Routine failure.              Fail
-------------------------------------------------------------------------------
APPLICATION         ift_xmlfilethantranslatetovm @3
<000002291292B5A8>                         Routine failure.              Fail
-------------------------------------------------------------------------------
APPLICATION         make @20                                            
<000002291292B5A8>                         Routine failure.              Fail
-------------------------------------------------------------------------------
APPLICATION         root's creation                                     
<000002291292B5A8>                         Routine failure.              Exit
-------------------------------------------------------------------------------


targil5: PANIC: caught signal #21 (Ctrl-Break) -- Giving up...

targil5: system execution failed.
Following is the set of recorded exceptions:

******************************** Thread exception *****************************
In thread           Root thread            0x0 (thread id)
*******************************************************************************
-------------------------------------------------------------------------------
Class / Object      Routine                Nature of exception           Effect
-------------------------------------------------------------------------------
ARRAY               at @2                  valid_index:                 
<00000166EDA47F28>                         Precondition violated.        Fail
-------------------------------------------------------------------------------
VMING               is_letstatement @36                                 
<00000166EDA42D58>                         Routine failure.              Fail
-------------------------------------------------------------------------------
VMING               is_statement @5                                     
<00000166EDA42D58>                         Routine failure.              Fail
-------------------------------------------------------------------------------
VMING               is_statements @6                                    
<00000166EDA42D58>                         Routine failure.              Fail
-------------------------------------------------------------------------------
VMING               is_whilestatement @27                               
<00000166EDA42D58>                         Routine failure.              Fail
-------------------------------------------------------------------------------
VMING               is_statement @11                                    
<00000166EDA42D58>                         Routine failure.              Fail
-------------------------------------------------------------------------------
VMING               is_statements @6                                    
<00000166EDA42D58>                         Routine failure.              Fail
-------------------------------------------------------------------------------
VMING               is_subroutinebody @25                               
<00000166EDA42D58>                         Routine failure.              Fail
-------------------------------------------------------------------------------
VMING               is_subroutinedec @46                                
<00000166EDA42D58>                         Routine failure.              Fail
-------------------------------------------------------------------------------
VMING               is_class @46                                        
<00000166EDA42D58>                         Routine failure.              Fail
-------------------------------------------------------------------------------
VMING               make @56                                            
<00000166EDA42D58>                         Routine failure.              Fail
-------------------------------------------------------------------------------
APPLICATION         ift_xmlfilethantranslatetovm @3
<00000166ED9385A8>                         Routine failure.              Fail
-------------------------------------------------------------------------------
APPLICATION         make @20                                            
<00000166ED9385A8>                         Routine failure.              Fail
-------------------------------------------------------------------------------
APPLICATION         root's creation                                     
<00000166ED9385A8>                         Routine failure.              Exit
-------------------------------------------------------------------------------

targil5: system execution failed.
Following is the set of recorded exceptions:

******************************** Thread exception *****************************
In thread           Root thread            0x0 (thread id)
*******************************************************************************
-------------------------------------------------------------------------------
Class / Object      Routine                Nature of exception           Effect
-------------------------------------------------------------------------------
ARRAY               at @2                  valid_index:                 
<0000023D7E7E5F28>                         Precondition violated.        Fail
-------------------------------------------------------------------------------
VMING               is_letstatement @36                                 
<0000023D7E7E0D58>                         Routine failure.              Fail
-------------------------------------------------------------------------------
VMING               is_statement @5                                     
<0000023D7E7E0D58>                         Routine failure.              Fail
-------------------------------------------------------------------------------
VMING               is_statements @6                                    
<0000023D7E7E0D58>                         Routine failure.              Fail
-------------------------------------------------------------------------------
VMING               is_whilestatement @27                               
<0000023D7E7E0D58>                         Routine failure.              Fail
-------------------------------------------------------------------------------
VMING               is_statement @11                                    
<0000023D7E7E0D58>                         Routine failure.              Fail
-------------------------------------------------------------------------------
VMING               is_statements @6                                    
<0000023D7E7E0D58>                         Routine failure.              Fail
-------------------------------------------------------------------------------
VMING               is_subroutinebody @25                               
<0000023D7E7E0D58>                         Routine failure.              Fail
-------------------------------------------------------------------------------
VMING               is_subroutinedec @46                                
<0000023D7E7E0D58>                         Routine failure.              Fail
-------------------------------------------------------------------------------
VMING               is_class @46                                        
<0000023D7E7E0D58>                         Routine failure.              Fail
-------------------------------------------------------------------------------
VMING               make @56                                            
<0000023D7E7E0D58>                         Routine failure.              Fail
-------------------------------------------------------------------------------
APPLICATION         ift_xmlfilethantranslatetovm @3
<0000023D7E6D65A8>                         Routine failure.              Fail
-------------------------------------------------------------------------------
APPLICATION         make @20                                            
<0000023D7E6D65A8>                         Routine failure.              Fail
-------------------------------------------------------------------------------
APPLICATION         root's creation                                     
<0000023D7E6D65A8>                         Routine failure.              Exit
-------------------------------------------------------------------------------


targil5: PANIC: caught signal #21 (Ctrl-Break) -- Giving up...
